21 2 63 7 102

1. 21 10101 15
16--> 21 - 16 = 5 (1)
8--> (0)
4--> 5 - 4 = 1 (1)
2--> (0)
1--> 1 - 1 = 0 (1)

Hex
0001--> 2^0 = 1
0101--> 2^2 + 2^0 = 4 + 1 = 5
15

2. 2 10 2
2--> 2 - 2 = 0 (1)
1--> (0)

Hex
0000--> 0
0010--> 2^1 = 2
2

3. 63 111111 3F
32--> 63 - 32 = 31 (1)
16--> 31 - 16 = 15 (1)
8--> 15 - 8 = 7 (1)
4--> 7 - 4 = 3 (1)
2--> 3 - 2 = 1 (1)
1--> 1 - 1 = 0 (1)

Hex
0011--> 2^1 + 2^0 = 2 + 1 = 3
1111--> 2^3 + 2^2 + 2^1 + 2^0 = 8 + 4 + 2 + 1 = 15 ---> F
3F

4. 7 111 7
4--> 7 - 4 = 3 (1)
2--> 3 - 2 = 1 (1)
1--> 1 - 1 = 0 (1)

Hex
0000--> 0
0111--> 2^2 + 2^1 + 2^0 = 4 + 2 + 1 = 7
7

5.102 1100110 66
64--> 102 - 64 = 38 (1)
32--> 38 - 32 = 6 (1)
16-->(0)
8-->(0)
4--> 6 - 4 = 2 (1)
2--> 2 - 2 = 0 (1)
1--> (0)

Hex
0110--> 2^2 + 2^1 = 4 + 2 = 6
0110--> 2^2 + 2^1 = 4 + 2 = 6
55
